<?xml version="1.0" encoding="UTF-8"?>
<!-- Generated by org.testng.reporters.JUnitReportReporter -->
<testsuite hostname="DESKTOP-286GMCI" failures="0" tests="1" name="abcwuyd.dqe" time="0.001" errors="0" timestamp="2023-01-23T00:04:38 IST" skipped="0">
  <testcase classname="abcwuyd.dqe" name="TC3" time="0.001"/>
  <system-out/>
</testsuite> <!-- abcwuyd.dqe -->
