<?xml version="1.0" encoding="UTF-8"?>
<!-- Generated by org.testng.reporters.JUnitReportReporter -->
<testsuite hostname="DESKTOP-286GMCI" failures="0" tests="2" name="Test_Case.login_verify_page" time="5.176" errors="0" timestamp="2023-01-23T00:55:06 IST" skipped="0">
  <testcase classname="Test_Case.login_verify_page" name="verify_TC_01_verifyloginpage" time="2.371"/>
  <system-out/>
  <testcase classname="Test_Case.login_verify_page" name="verify_TC_02_verifyloginpage" time="2.805"/>
  <system-out/>
</testsuite> <!-- Test_Case.login_verify_page -->
