<?xml version="1.0" encoding="UTF-8"?>
<!-- Generated by org.testng.reporters.JUnitReportReporter -->
<testsuite hostname="DESKTOP-286GMCI" failures="0" tests="1" name="abcwuyd.adfqe" time="0.009" errors="0" timestamp="2023-01-23T00:04:38 IST" skipped="0">
  <testcase classname="abcwuyd.adfqe" name="TC" time="0.009"/>
  <system-out/>
</testsuite> <!-- abcwuyd.adfqe -->
